<?xml version="1.0" encoding="UTF-8"?>
<!-- Generated by org.testng.reporters.JUnitXMLReporter -->
<testsuite ignored="1" hostname="DESKTOP-HV3P354" failures="0" tests="1" name="Default test" time="32.785" errors="0" timestamp="2025-04-03T08:39:17 IST">
  <testcase classname="GeneralStore.AppiumFrameworkDesign.PurchaseProducts" name="purchaseProduct" time="19.156"/>
  <testcase classname="GeneralStore.AppiumFrameworkDesign.PurchaseProducts" name="login" time="0.0">
    <ignored/>
  </testcase> <!-- login -->
</testsuite> <!-- Default test -->
