<?xml version="1.0" encoding="UTF-8"?>
<!-- Generated by org.testng.reporters.JUnitXMLReporter -->
<testsuite ignored="2" hostname="DESKTOP-HV3P354" failures="0" tests="2" name="Default test" time="0.592" errors="0" timestamp="2025-04-16T18:42:22 IST">
  <testcase classname="GeneralStore.AppiumFrameworkDesign.PurchaseProducts" name="validateLogin" time="0.01"/>
  <testcase classname="GeneralStore.AppiumFrameworkDesign.PurchaseProducts" name="validateLogin" time="0.004"/>
  <testcase classname="GeneralStore.AppiumFrameworkDesign.PurchaseProducts" name="purchaseProduct" time="0.0">
    <ignored/>
  </testcase> <!-- purchaseProduct -->
  <testcase classname="GeneralStore.AppiumFrameworkDesign.PurchaseProducts" name="errorLoginValidation" time="0.0">
    <ignored/>
  </testcase> <!-- errorLoginValidation -->
</testsuite> <!-- Default test -->
