<?xml version="1.0" encoding="UTF-8"?>
<testng-results ignored="2" total="4" passed="2" failed="0" skipped="0">
  <reporter-output>
  </reporter-output>
  <suite started-at="2025-04-16T17:38:17 IST" name="Default suite" finished-at="2025-04-16T17:38:17 IST" duration-ms="151">
    <groups>
    </groups>
    <test started-at="2025-04-16T17:38:17 IST" name="Default test" finished-at="2025-04-16T17:38:17 IST" duration-ms="151">
      <class name="GeneralStore.AppiumFrameworkDesign.PurchaseProducts">
        <test-method is-config="true" signature="configureAppium()[pri:0, instance:GeneralStore.AppiumFrameworkDesign.PurchaseProducts@5b12b668]" started-at="2025-04-16T17:38:17 IST" name="configureAppium" finished-at="2025-04-16T17:38:17 IST" duration-ms="25" status="PASS">
          <reporter-output>
          </reporter-output>
        </test-method> <!-- configureAppium -->
        <test-method signature="validateLogin(java.lang.String,java.lang.String,java.lang.String)[pri:0, instance:GeneralStore.AppiumFrameworkDesign.PurchaseProducts@5b12b668]" started-at="2025-04-16T17:38:17 IST" name="validateLogin" data-provider="getLoginData" finished-at="2025-04-16T17:38:17 IST" duration-ms="11" status="PASS">
          <params>
            <param index="0">
              <value>
                <![CDATA[Messi]]>
              </value>
            </param>
            <param index="1">
              <value>
                <![CDATA[Male]]>
              </value>
            </param>
            <param index="2">
              <value>
                <![CDATA[Argentina]]>
              </value>
            </param>
          </params>
          <reporter-output>
          </reporter-output>
        </test-method> <!-- validateLogin -->
        <test-method signature="validateLogin(java.lang.String,java.lang.String,java.lang.String)[pri:0, instance:GeneralStore.AppiumFrameworkDesign.PurchaseProducts@5b12b668]" started-at="2025-04-16T17:38:17 IST" name="validateLogin" data-provider="getLoginData" finished-at="2025-04-16T17:38:17 IST" duration-ms="3" status="PASS">
          <params>
            <param index="0">
              <value>
                <![CDATA[Ronaldo]]>
              </value>
            </param>
            <param index="1">
              <value>
                <![CDATA[Male]]>
              </value>
            </param>
            <param index="2">
              <value>
                <![CDATA[Portugal]]>
              </value>
            </param>
          </params>
          <reporter-output>
          </reporter-output>
        </test-method> <!-- validateLogin -->
        <test-method is-config="true" signature="tearDown()[pri:0, instance:GeneralStore.AppiumFrameworkDesign.PurchaseProducts@5b12b668]" started-at="2025-04-16T17:38:17 IST" name="tearDown" finished-at="2025-04-16T17:38:17 IST" duration-ms="1" status="PASS">
          <reporter-output>
          </reporter-output>
        </test-method> <!-- tearDown -->
      </class> <!-- GeneralStore.AppiumFrameworkDesign.PurchaseProducts -->
    </test> <!-- Default test -->
  </suite> <!-- Default suite -->
</testng-results>
